<?xml version="1.0" encoding="UTF-8"?>
<testng-results ignored="0" total="1" passed="1" failed="0" skipped="0">
  <reporter-output>
  </reporter-output>
  <suite started-at="2022-11-25T20:04:34 IST" name="Default suite" finished-at="2022-11-25T20:04:39 IST" duration-ms="4240">
    <groups>
    </groups>
    <test started-at="2022-11-25T20:04:34 IST" name="Default test" finished-at="2022-11-25T20:04:39 IST" duration-ms="4240">
      <class name="apiTestsRestAssured.ValidateResponse">
        <test-method signature="validate_GET_Response()[pri:0, instance:apiTestsRestAssured.ValidateResponse@3af9c5b7]" started-at="2022-11-25T20:04:34 IST" name="validate_GET_Response" finished-at="2022-11-25T20:04:39 IST" duration-ms="4198" status="PASS">
          <reporter-output>
          </reporter-output>
        </test-method> <!-- validate_GET_Response -->
      </class> <!-- apiTestsRestAssured.ValidateResponse -->
    </test> <!-- Default test -->
  </suite> <!-- Default suite -->
</testng-results>
